<?xml version="1.0" encoding="UTF-8"?>
<testng-results ignored="0" total="1" passed="1" failed="0" skipped="0">
  <reporter-output>
  </reporter-output>
  <suite started-at="2023-02-08T03:34:01 IST" name="Default suite" finished-at="2023-02-08T03:34:07 IST" duration-ms="5909">
    <groups>
    </groups>
    <test started-at="2023-02-08T03:34:01 IST" name="Default test" finished-at="2023-02-08T03:34:07 IST" duration-ms="5909">
      <class name="Gorest.GetData">
        <test-method is-config="true" signature="setUp()[pri:0, instance:Gorest.GetData@43c1b556]" started-at="2023-02-08T03:34:01 IST" name="setUp" finished-at="2023-02-08T03:34:01 IST" duration-ms="89" status="PASS">
          <reporter-output>
          </reporter-output>
        </test-method> <!-- setUp -->
        <test-method signature="getReq()[pri:0, instance:Gorest.GetData@43c1b556]" started-at="2023-02-08T03:34:01 IST" name="getReq" finished-at="2023-02-08T03:34:07 IST" duration-ms="5784" status="PASS">
          <reporter-output>
          </reporter-output>
        </test-method> <!-- getReq -->
      </class> <!-- Gorest.GetData -->
    </test> <!-- Default test -->
  </suite> <!-- Default suite -->
</testng-results>
